2021-03-01 17:28:11 info: XVBA Live Server extension is now active!
2021-03-01 17:28:11 debug: Start Watch Excel Export VBA Files
2021-03-01 17:28:11 debug: Start Run Macro Server
2021-03-01 17:28:15 info: config.json File Created with Success!!!
2021-03-01 17:28:15 info: gitignore file created with success
2021-03-01 17:28:15 info: package.json File created with Success
2021-03-01 17:28:15 info: Folder already exist: Logs Folder
2021-03-01 17:28:15 info: Bootstrap XVBA
2021-03-01 17:28:15 info: Finish Create Xvba project folders
2021-03-01 17:28:18 info: Start Import VBA files
2021-03-01 17:28:18 debug: Delete temp Files Success!
2021-03-01 17:28:18 debug: Command Status: Command Run
2021-03-01 17:28:18 debug: Finish Exported file from Vscode to Excel
2021-03-01 17:28:21 debug: Start Move VBA files from tmp to Workspace
2021-03-01 17:28:21 debug: Finish Move VBA files from tmp to Workspace
2021-03-01 17:28:31 info: Start Import VBA files
2021-03-01 17:28:31 debug: Delete temp Files Success!
2021-03-01 17:28:31 debug: Command Status: Command Run
2021-03-01 17:28:31 debug: Finish Exported file from Vscode to Excel
2021-03-01 17:28:34 debug: Start Move VBA files from tmp to Workspace
2021-03-01 17:28:34 debug: Finish Move VBA files from tmp to Workspace
2021-03-01 17:28:57 debug: Delete temp Files Success!
2021-03-01 17:28:57 info: Start Import VBA files
2021-03-01 17:28:57 debug: Command Status: Command Run
2021-03-01 17:28:57 debug: Finish Exported file from Vscode to Excel
2021-03-01 17:29:01 debug: Start Move VBA files from tmp to Workspace
2021-03-01 17:29:01 debug: Finish Move VBA files from tmp to Workspace
2021-03-01 17:29:13 info: Start Import VBA files
2021-03-01 17:29:13 debug: Delete temp Files Success!
2021-03-01 17:29:13 debug: Command Status: Command Run
2021-03-01 17:29:13 debug: Finish Exported file from Vscode to Excel
2021-03-01 17:29:16 debug: Start Move VBA files from tmp to Workspace
2021-03-01 17:29:16 debug: Finish Move VBA files from tmp to Workspace
2021-03-01 17:30:00 info: Start Import VBA files
2021-03-01 17:30:00 debug: Delete temp Files Success!
2021-03-01 17:30:00 debug: Command Status: Command Run
2021-03-01 17:30:00 debug: Finish Exported file from Vscode to Excel
2021-03-01 17:30:03 debug: Start Move VBA files from tmp to Workspace
2021-03-01 17:30:03 debug: Finish Move VBA files from tmp to Workspace
2021-03-01 17:34:23 info: Start Import VBA files
2021-03-01 17:34:23 debug: Delete temp Files Success!
2021-03-01 17:34:23 debug: Command Status: Command Run
2021-03-01 17:34:23 debug: Finish Exported file from Vscode to Excel
2021-03-01 17:34:25 debug: Start Move VBA files from tmp to Workspace
2021-03-01 17:34:25 debug: Finish Move VBA files from tmp to Workspace
2021-03-01 17:34:35 info: Start Import VBA files
2021-03-01 17:34:35 debug: Delete temp Files Success!
2021-03-01 17:34:35 debug: Command Status: Command Run
2021-03-01 17:34:35 debug: Finish Exported file from Vscode to Excel
2021-03-01 17:34:43 debug: Start Move VBA files from tmp to Workspace
2021-03-01 17:34:43 debug: Move vba file UserForm1.frm namespace: default
2021-03-01 17:34:43 debug: Move vba file 模块1.bas namespace: default
2021-03-01 17:34:44 debug: Finish Move VBA files from tmp to Workspace
2021-03-01 17:35:36 info: Start Import VBA files
2021-03-01 17:35:36 debug: Delete temp Files Success!
2021-03-01 17:35:36 debug: Command Status: Command Run
2021-03-01 17:35:36 debug: Finish Exported file from Vscode to Excel
2021-03-01 17:35:39 debug: Start Move VBA files from tmp to Workspace
2021-03-01 17:35:39 debug: Finish Move VBA files from tmp to Workspace
